[ 2017-10-06T10:07:05+08:00 ] 127.0.0.1 /bmej/index.php?s=/Home/Super/payorder/oways/3/total/30/totalnum/1/membername/
ERR: SQLSTATE[23000]: Integrity constraint violation: 1048 Column 'order_id' cannot be null

[ 2017-10-06T10:10:07+08:00 ] 127.0.0.1 /bmej/index.php?s=/Home/Super/payorder/oways/4/total/30/totalnum/1/membername/
ERR: SQLSTATE[23000]: Integrity constraint violation: 1048 Column 'order_id' cannot be null

[ 2017-10-06T11:03:29+08:00 ] 127.0.0.1 /bmej/index.php?s=/Home/Super/payorder/oways/5/total/30/totalnum/1/membername/
ERR: SQLSTATE[23000]: Integrity constraint violation: 1048 Column 'order_id' cannot be null

[ 2017-10-06T11:04:45+08:00 ] 127.0.0.1 /bmej/index.php?s=/Home/Super/payorder/oways/2/total/30/totalnum/1/membername/
ERR: SQLSTATE[23000]: Integrity constraint violation: 1048 Column 'order_id' cannot be null

[ 2017-10-06T11:05:17+08:00 ] 127.0.0.1 /bmej/index.php?s=/Home/Super/payorder/oways/2/total/30/totalnum/1/membername/
ERR: SQLSTATE[23000]: Integrity constraint violation: 1048 Column 'order_id' cannot be null

[ 2017-10-06T14:11:49+08:00 ] 127.0.0.1 /bmej/index.php?s=/Home/Super/returngoodsshow.html
INFO: [ app_begin ] --START--
INFO: Run Behavior\ReadHtmlCacheBehavior [ RunTime:0.000000s ]
INFO: [ app_begin ] --END-- [ RunTime:0.000000s ]
SQL: SHOW COLUMNS FROM `user_order` [ RunTime:0.0624s ]
SQL: SELECT * FROM `user_order` WHERE `orderid` = '15072702887657' LIMIT 1   [ RunTime:0.0312s ]
SQL: SELECT * FROM `user_order` WHERE `orderid` = '15072702887657'  [ RunTime:0.0468s ]
SQL: SHOW COLUMNS FROM `order_goods` [ RunTime:0.0468s ]
SQL: SELECT * FROM `order_goods` WHERE ( 1=1 AND parentid='15072702887657' )  [ RunTime:0.0468s ]
SQL: SHOW COLUMNS FROM `user_goods` [ RunTime:0.0312s ]
SQL: SELECT * FROM `user_goods` WHERE `gid` = '2222' AND `boss_classify` = '18328710832'  [ RunTime:0.0780s ]
INFO: [ view_parse ] --START--
INFO: [ template_filter ] --START--
INFO: Run Behavior\ContentReplaceBehavior [ RunTime:0.000000s ]
INFO: [ template_filter ] --END-- [ RunTime:0.000000s ]
INFO: Run Behavior\ParseTemplateBehavior [ RunTime:0.015600s ]
INFO: [ view_parse ] --END-- [ RunTime:0.015600s ]
INFO: [ view_filter ] --START--
INFO: Run Behavior\WriteHtmlCacheBehavior [ RunTime:0.000000s ]
INFO: [ view_filter ] --END-- [ RunTime:0.000000s ]
INFO: [ app_end ] --START--
INFO: Run Behavior\ShowPageTraceBehavior [ RunTime:0.000000s ]
INFO: [ app_end ] --END-- [ RunTime:0.000000s ]

[ 2017-10-06T14:12:07+08:00 ] 127.0.0.1 /bmej/index.php?s=/Home/Super/returngoodsshow.html
INFO: [ app_begin ] --START--
INFO: Run Behavior\ReadHtmlCacheBehavior [ RunTime:0.000000s ]
INFO: [ app_begin ] --END-- [ RunTime:0.000000s ]
SQL: SHOW COLUMNS FROM `user_order` [ RunTime:0.0312s ]
SQL: SELECT * FROM `user_order` WHERE `orderid` = '15072702887657' LIMIT 1   [ RunTime:0.0468s ]
SQL: SELECT * FROM `user_order` WHERE `orderid` = '15072702887657'  [ RunTime:0.0312s ]
SQL: SHOW COLUMNS FROM `order_goods` [ RunTime:0.0468s ]
SQL: SELECT * FROM `order_goods` WHERE ( 1=1 AND parentid='15072702887657' )  [ RunTime:0.0312s ]
SQL: SHOW COLUMNS FROM `user_goods` [ RunTime:0.0468s ]
SQL: SELECT * FROM `user_goods` WHERE `gid` = '2222' AND `boss_classify` = '18328710832'  [ RunTime:0.0312s ]
INFO: [ view_parse ] --START--
INFO: [ template_filter ] --START--
INFO: Run Behavior\ContentReplaceBehavior [ RunTime:0.000000s ]
INFO: [ template_filter ] --END-- [ RunTime:0.000000s ]
INFO: Run Behavior\ParseTemplateBehavior [ RunTime:0.015600s ]
INFO: [ view_parse ] --END-- [ RunTime:0.015600s ]
INFO: [ view_filter ] --START--
INFO: Run Behavior\WriteHtmlCacheBehavior [ RunTime:0.000000s ]
INFO: [ view_filter ] --END-- [ RunTime:0.000000s ]
INFO: [ app_end ] --START--
INFO: Run Behavior\ShowPageTraceBehavior [ RunTime:0.000000s ]
INFO: [ app_end ] --END-- [ RunTime:0.000000s ]

[ 2017-10-06T17:01:04+08:00 ] 127.0.0.1 /bmej/index.php?s=/Home/Member/membermessage.html
INFO: [ app_begin ] --START--
INFO: Run Behavior\ReadHtmlCacheBehavior [ RunTime:0.000000s ]
INFO: [ app_begin ] --END-- [ RunTime:0.001000s ]
SQL: SHOW COLUMNS FROM `user_member` [ RunTime:0.0468s ]
SQL: SELECT * FROM `user_member` WHERE `boss_classify` = '18328710832' AND `memberphone` = '18011417611' LIMIT 1   [ RunTime:0.0936s ]
INFO: [ app_end ] --START--
INFO: Run Behavior\ShowPageTraceBehavior [ RunTime:0.000000s ]
INFO: [ app_end ] --END-- [ RunTime:0.000000s ]

[ 2017-10-06T17:01:28+08:00 ] 127.0.0.1 /bmej/index.php?s=/Home/Member/membermessage.html
INFO: [ app_begin ] --START--
INFO: Run Behavior\ReadHtmlCacheBehavior [ RunTime:0.001000s ]
INFO: [ app_begin ] --END-- [ RunTime:0.002000s ]
SQL: SHOW COLUMNS FROM `user_member` [ RunTime:0.0312s ]
SQL: SELECT * FROM `user_member` WHERE `boss_classify` = '18328710832' AND `memberphone` = '18011417611' LIMIT 1   [ RunTime:0.0468s ]
INFO: [ app_end ] --START--
INFO: Run Behavior\ShowPageTraceBehavior [ RunTime:0.000000s ]
INFO: [ app_end ] --END-- [ RunTime:0.000000s ]

[ 2017-10-06T17:03:42+08:00 ] 127.0.0.1 /bmej/index.php?s=/Home/Member/membermessage.html
INFO: [ app_begin ] --START--
INFO: Run Behavior\ReadHtmlCacheBehavior [ RunTime:0.000000s ]
INFO: [ app_begin ] --END-- [ RunTime:0.000000s ]
SQL: SHOW COLUMNS FROM `user_member` [ RunTime:0.0468s ]
SQL: SELECT * FROM `user_member` WHERE `boss_classify` = '18328710832' AND `memberphone` = '18011417611' LIMIT 1   [ RunTime:0.0312s ]
INFO: [ app_end ] --START--
INFO: Run Behavior\ShowPageTraceBehavior [ RunTime:0.000000s ]
INFO: [ app_end ] --END-- [ RunTime:0.000000s ]

[ 2017-10-06T17:04:33+08:00 ] 127.0.0.1 /bmej/index.php?s=/Home/Member/membermessage.html
INFO: [ app_begin ] --START--
INFO: Run Behavior\ReadHtmlCacheBehavior [ RunTime:0.000000s ]
INFO: [ app_begin ] --END-- [ RunTime:0.001000s ]
SQL: SHOW COLUMNS FROM `user_member` [ RunTime:0.0468s ]
SQL: SELECT * FROM `user_member` WHERE `boss_classify` = '18328710832' AND `memberphone` = '18011417611' LIMIT 1   [ RunTime:0.0624s ]
INFO: [ app_end ] --START--
INFO: Run Behavior\ShowPageTraceBehavior [ RunTime:0.000000s ]
INFO: [ app_end ] --END-- [ RunTime:0.000000s ]

[ 2017-10-06T17:18:22+08:00 ] 127.0.0.1 /bmej/index.php?s=/Home/Member/membermessage.html
INFO: [ app_begin ] --START--
INFO: Run Behavior\ReadHtmlCacheBehavior [ RunTime:0.000000s ]
INFO: [ app_begin ] --END-- [ RunTime:0.000000s ]
SQL: SHOW COLUMNS FROM `user_member` [ RunTime:0.0468s ]
SQL: SELECT * FROM `user_member` WHERE `boss_classify` = '18328710832' AND `memberphone` = '18011417657' LIMIT 1   [ RunTime:0.0780s ]
INFO: [ app_end ] --START--
INFO: Run Behavior\ShowPageTraceBehavior [ RunTime:0.000000s ]
INFO: [ app_end ] --END-- [ RunTime:0.000000s ]

[ 2017-10-06T17:18:56+08:00 ] 127.0.0.1 /bmej/index.php?s=/Home/Member/membermessage.html
INFO: [ app_begin ] --START--
INFO: Run Behavior\ReadHtmlCacheBehavior [ RunTime:0.000000s ]
INFO: [ app_begin ] --END-- [ RunTime:0.001000s ]
SQL: SHOW COLUMNS FROM `user_member` [ RunTime:0.0396s ]
SQL: SELECT * FROM `user_member` WHERE `boss_classify` = '18328710832' AND `memberphone` = '18011417657' LIMIT 1   [ RunTime:0.0312s ]
INFO: [ app_end ] --START--
INFO: Run Behavior\ShowPageTraceBehavior [ RunTime:0.000000s ]
INFO: [ app_end ] --END-- [ RunTime:0.000000s ]

[ 2017-10-06T17:20:29+08:00 ] 127.0.0.1 /bmej/index.php?s=/Home/Member/membermessage.html
INFO: [ app_begin ] --START--
INFO: Run Behavior\ReadHtmlCacheBehavior [ RunTime:0.000000s ]
INFO: [ app_begin ] --END-- [ RunTime:0.000000s ]
SQL: SHOW COLUMNS FROM `user_member` [ RunTime:0.3452s ]
SQL: SELECT * FROM `user_member` WHERE `boss_classify` = '18328710832' AND `memberphone` = '18011417657' LIMIT 1   [ RunTime:0.7830s ]
INFO: [ app_end ] --START--
INFO: Run Behavior\ShowPageTraceBehavior [ RunTime:0.000000s ]
INFO: [ app_end ] --END-- [ RunTime:0.000000s ]

[ 2017-10-06T17:22:12+08:00 ] 127.0.0.1 /bmej/index.php?s=/Home/Member/membermessage.html
INFO: [ app_begin ] --START--
INFO: Run Behavior\ReadHtmlCacheBehavior [ RunTime:0.000000s ]
INFO: [ app_begin ] --END-- [ RunTime:0.001000s ]
SQL: SHOW COLUMNS FROM `user_member` [ RunTime:0.0468s ]
SQL: SELECT * FROM `user_member` WHERE `boss_classify` = '18328710832' AND `memberphone` = '18011417657' LIMIT 1   [ RunTime:0.0624s ]
INFO: [ app_end ] --START--
INFO: Run Behavior\ShowPageTraceBehavior [ RunTime:0.000000s ]
INFO: [ app_end ] --END-- [ RunTime:0.000000s ]

[ 2017-10-06T17:22:25+08:00 ] 127.0.0.1 /bmej/index.php?s=/Home/Member/membermessage.html
INFO: [ app_begin ] --START--
INFO: Run Behavior\ReadHtmlCacheBehavior [ RunTime:0.000000s ]
INFO: [ app_begin ] --END-- [ RunTime:0.000000s ]
SQL: SHOW COLUMNS FROM `user_member` [ RunTime:0.0468s ]
SQL: SELECT * FROM `user_member` WHERE `boss_classify` = '18328710832' AND `memberphone` = '123123213' LIMIT 1   [ RunTime:0.0468s ]
INFO: [ app_end ] --START--
INFO: Run Behavior\ShowPageTraceBehavior [ RunTime:0.000000s ]
INFO: [ app_end ] --END-- [ RunTime:0.000000s ]

[ 2017-10-06T17:26:14+08:00 ] 127.0.0.1 /bmej/index.php?s=/Home/Member/membermessage.html
INFO: [ app_begin ] --START--
INFO: Run Behavior\ReadHtmlCacheBehavior [ RunTime:0.000000s ]
INFO: [ app_begin ] --END-- [ RunTime:0.000000s ]
SQL: SHOW COLUMNS FROM `user_member` [ RunTime:0.0468s ]
SQL: SELECT * FROM `user_member` WHERE `boss_classify` = '18328710832' AND `memberphone` = '1111111111' LIMIT 1   [ RunTime:0.0312s ]
INFO: [ app_end ] --START--
INFO: Run Behavior\ShowPageTraceBehavior [ RunTime:0.000000s ]
INFO: [ app_end ] --END-- [ RunTime:0.000000s ]

[ 2017-10-06T17:26:55+08:00 ] 127.0.0.1 /bmej/index.php?s=/Home/Member/membermessage.html
INFO: [ app_begin ] --START--
INFO: Run Behavior\ReadHtmlCacheBehavior [ RunTime:0.000000s ]
INFO: [ app_begin ] --END-- [ RunTime:0.000000s ]
SQL: SHOW COLUMNS FROM `user_member` [ RunTime:0.0312s ]
SQL: SELECT * FROM `user_member` WHERE `boss_classify` = '18328710832' AND `memberphone` = '21312312' LIMIT 1   [ RunTime:0.0312s ]
INFO: [ app_end ] --START--
INFO: Run Behavior\ShowPageTraceBehavior [ RunTime:0.000000s ]
INFO: [ app_end ] --END-- [ RunTime:0.000000s ]

[ 2017-10-06T17:33:51+08:00 ] 127.0.0.1 /bmej/index.php?s=/Home/Member/membermessage.html
INFO: [ app_begin ] --START--
INFO: Run Behavior\ReadHtmlCacheBehavior [ RunTime:0.001000s ]
INFO: [ app_begin ] --END-- [ RunTime:0.001000s ]
SQL: SHOW COLUMNS FROM `user_member` [ RunTime:0.0468s ]
SQL: SELECT * FROM `user_member` WHERE `boss_classify` = '18328710832' AND `memberphone` = '21312312' LIMIT 1   [ RunTime:0.0936s ]
INFO: [ app_end ] --START--
INFO: Run Behavior\ShowPageTraceBehavior [ RunTime:0.000000s ]
INFO: [ app_end ] --END-- [ RunTime:0.000000s ]

[ 2017-10-06T17:34:06+08:00 ] 127.0.0.1 /bmej/index.php?s=/Home/Member/membermessage.html
INFO: [ app_begin ] --START--
INFO: Run Behavior\ReadHtmlCacheBehavior [ RunTime:0.000000s ]
INFO: [ app_begin ] --END-- [ RunTime:0.000000s ]
SQL: SHOW COLUMNS FROM `user_member` [ RunTime:0.0468s ]
SQL: SELECT * FROM `user_member` WHERE `boss_classify` = '18328710832' AND `memberphone` = '3123' LIMIT 1   [ RunTime:0.0624s ]
INFO: [ app_end ] --START--
INFO: Run Behavior\ShowPageTraceBehavior [ RunTime:0.015600s ]
INFO: [ app_end ] --END-- [ RunTime:0.015600s ]

[ 2017-10-06T17:34:51+08:00 ] 127.0.0.1 /bmej/index.php?s=/Home/Member/membermessage.html
INFO: [ app_begin ] --START--
INFO: Run Behavior\ReadHtmlCacheBehavior [ RunTime:0.000000s ]
INFO: [ app_begin ] --END-- [ RunTime:0.000000s ]
SQL: SHOW COLUMNS FROM `user_member` [ RunTime:0.1910s ]
SQL: SELECT * FROM `user_member` WHERE `boss_classify` = '18328710832' AND `memberphone` = '2222' LIMIT 1   [ RunTime:0.0936s ]
INFO: [ app_end ] --START--
INFO: Run Behavior\ShowPageTraceBehavior [ RunTime:0.000000s ]
INFO: [ app_end ] --END-- [ RunTime:0.000000s ]

[ 2017-10-06T17:36:09+08:00 ] 127.0.0.1 /bmej/index.php?s=/Home/Member/membermessage.html
INFO: [ app_begin ] --START--
INFO: Run Behavior\ReadHtmlCacheBehavior [ RunTime:0.000000s ]
INFO: [ app_begin ] --END-- [ RunTime:0.000000s ]
SQL: SHOW COLUMNS FROM `user_member` [ RunTime:0.0372s ]
SQL: SELECT * FROM `user_member` WHERE `boss_classify` = '18328710832' AND `memberphone` = '18011417657' LIMIT 1   [ RunTime:0.0754s ]
INFO: [ app_end ] --START--
INFO: Run Behavior\ShowPageTraceBehavior [ RunTime:0.000000s ]
INFO: [ app_end ] --END-- [ RunTime:0.000000s ]

[ 2017-10-06T17:36:20+08:00 ] 127.0.0.1 /bmej/index.php?s=/Home/Member/membermessage.html
INFO: [ app_begin ] --START--
INFO: Run Behavior\ReadHtmlCacheBehavior [ RunTime:0.000000s ]
INFO: [ app_begin ] --END-- [ RunTime:0.001000s ]
SQL: SHOW COLUMNS FROM `user_member` [ RunTime:0.0312s ]
SQL: SELECT * FROM `user_member` WHERE `boss_classify` = '18328710832' AND `memberphone` = '18011417657' LIMIT 1   [ RunTime:0.0468s ]
INFO: [ app_end ] --START--
INFO: Run Behavior\ShowPageTraceBehavior [ RunTime:0.000000s ]
INFO: [ app_end ] --END-- [ RunTime:0.000000s ]

[ 2017-10-06T17:37:48+08:00 ] 127.0.0.1 /bmej/index.php?s=/Home/Member/membermessage.html
INFO: [ app_begin ] --START--
INFO: Run Behavior\ReadHtmlCacheBehavior [ RunTime:0.001001s ]
INFO: [ app_begin ] --END-- [ RunTime:0.001001s ]
SQL: SHOW COLUMNS FROM `user_member` [ RunTime:0.0312s ]
SQL: SELECT * FROM `user_member` WHERE `boss_classify` = '18328710832' AND `memberphone` = '18011417611' LIMIT 1   [ RunTime:0.0468s ]
INFO: [ app_end ] --START--
INFO: Run Behavior\ShowPageTraceBehavior [ RunTime:0.000000s ]
INFO: [ app_end ] --END-- [ RunTime:0.000000s ]

[ 2017-10-06T17:38:01+08:00 ] 127.0.0.1 /bmej/index.php?s=/Home/Member/membermessage.html
INFO: [ app_begin ] --START--
INFO: Run Behavior\ReadHtmlCacheBehavior [ RunTime:0.000000s ]
INFO: [ app_begin ] --END-- [ RunTime:0.000000s ]
SQL: SHOW COLUMNS FROM `user_member` [ RunTime:0.0468s ]
SQL: SELECT * FROM `user_member` WHERE `boss_classify` = '18328710832' AND `memberphone` = '18011417657' LIMIT 1   [ RunTime:0.1116s ]
INFO: [ app_end ] --START--
INFO: Run Behavior\ShowPageTraceBehavior [ RunTime:0.000000s ]
INFO: [ app_end ] --END-- [ RunTime:0.000000s ]

[ 2017-10-06T17:38:17+08:00 ] 127.0.0.1 /bmej/index.php?s=/Home/Member/membermessage.html
INFO: [ app_begin ] --START--
INFO: Run Behavior\ReadHtmlCacheBehavior [ RunTime:0.001000s ]
INFO: [ app_begin ] --END-- [ RunTime:0.001000s ]
SQL: SHOW COLUMNS FROM `user_member` [ RunTime:0.1950s ]
SQL: SELECT * FROM `user_member` WHERE `boss_classify` = '18328710832' AND `memberphone` = '18011417657' LIMIT 1   [ RunTime:0.0624s ]
INFO: [ app_end ] --START--
INFO: Run Behavior\ShowPageTraceBehavior [ RunTime:0.000000s ]
INFO: [ app_end ] --END-- [ RunTime:0.000000s ]

[ 2017-10-06T17:38:21+08:00 ] 127.0.0.1 /bmej/index.php?s=/Home/Member/membermessage.html
INFO: [ app_begin ] --START--
INFO: Run Behavior\ReadHtmlCacheBehavior [ RunTime:0.000000s ]
INFO: [ app_begin ] --END-- [ RunTime:0.000000s ]
SQL: SHOW COLUMNS FROM `user_member` [ RunTime:0.1092s ]
SQL: SELECT * FROM `user_member` WHERE `boss_classify` = '18328710832' AND `memberphone` = '180114176' LIMIT 1   [ RunTime:0.2364s ]
INFO: [ app_end ] --START--
INFO: Run Behavior\ShowPageTraceBehavior [ RunTime:0.000000s ]
INFO: [ app_end ] --END-- [ RunTime:0.000000s ]

[ 2017-10-06T17:38:35+08:00 ] 127.0.0.1 /bmej/index.php?s=/Home/Member/membermessage.html
INFO: [ app_begin ] --START--
INFO: Run Behavior\ReadHtmlCacheBehavior [ RunTime:0.000000s ]
INFO: [ app_begin ] --END-- [ RunTime:0.000000s ]
SQL: SHOW COLUMNS FROM `user_member` [ RunTime:0.0468s ]
SQL: SELECT * FROM `user_member` WHERE `boss_classify` = '18328710832' AND `memberphone` = '18011417657' LIMIT 1   [ RunTime:0.0624s ]
INFO: [ app_end ] --START--
INFO: Run Behavior\ShowPageTraceBehavior [ RunTime:0.000000s ]
INFO: [ app_end ] --END-- [ RunTime:0.000000s ]

[ 2017-10-06T17:40:21+08:00 ] 127.0.0.1 /bmej/index.php?s=/Home/Member/membermessage.html
INFO: [ app_begin ] --START--
INFO: Run Behavior\ReadHtmlCacheBehavior [ RunTime:0.001000s ]
INFO: [ app_begin ] --END-- [ RunTime:0.001000s ]
SQL: SHOW COLUMNS FROM `user_member` [ RunTime:0.0386s ]
SQL: SELECT * FROM `user_member` WHERE `boss_classify` = '18328710832' AND `memberphone` = '18011417657' LIMIT 1   [ RunTime:0.1872s ]
INFO: [ app_end ] --START--
INFO: Run Behavior\ShowPageTraceBehavior [ RunTime:0.000000s ]
INFO: [ app_end ] --END-- [ RunTime:0.000000s ]

